WAIT_START 2026-07-17T19:31:33+08:00
DOWNLOAD_BYTES=5354663187
DOWNLOAD_BYTES=5536093839
DOWNLOAD_BYTES=5692349423
DOWNLOAD_BYTES=5841844519
DOWNLOAD_BYTES=5983504395
DOWNLOAD_BYTES=6120118839
DOWNLOAD_BYTES=6266829963
DOWNLOAD_BYTES=6412601355
DOWNLOAD_BYTES=6558541631
DOWNLOAD_BYTES=6712978915
DOWNLOAD_BYTES=6873860107
DOWNLOAD_BYTES=7032471999
DOWNLOAD_BYTES=7183456287
DOWNLOAD_BYTES=7330400267
DOWNLOAD_BYTES=7469991079
DOWNLOAD_BYTES=7609198859
DOWNLOAD_BYTES=7763690255
DOWNLOAD_BYTES=7907179499
DOWNLOAD_BYTES=8068219663
DOWNLOAD_BYTES=8230354303
DOWNLOAD_BYTES=8386122315
DOWNLOAD_BYTES=8527922163
DOWNLOAD_BYTES=8680595319
DOWNLOAD_BYTES=8828470191
DOWNLOAD_BYTES=8972380655
DOWNLOAD_BYTES=9124008359
DOWNLOAD_BYTES=9271604103
DOWNLOAD_BYTES=9371359663
DOWNLOAD_BYTES=9471395199
DOWNLOAD_BYTES=9604341207
DOWNLOAD_BYTES=9751371979
DOWNLOAD_BYTES=9886826003
DOWNLOAD_BYTES=10018884223
DOWNLOAD_BYTES=10154487027
DOWNLOAD_BYTES=10296767371
DOWNLOAD_BYTES=10440642311
DOWNLOAD_BYTES=10582652083
DOWNLOAD_BYTES=10713889187
DOWNLOAD_BYTES=10843470471
DOWNLOAD_BYTES=10984211215
DOWNLOAD_BYTES=11144644619
DOWNLOAD_BYTES=11291002891
DOWNLOAD_BYTES=11439828839
DOWNLOAD_BYTES=11580916495
DOWNLOAD_BYTES=11723159679
DOWNLOAD_BYTES=11878688883
DOWNLOAD_BYTES=12018464951
DOWNLOAD_BYTES=12160923291
DOWNLOAD_BYTES=12306499119
DOWNLOAD_BYTES=12405882571
DOWNLOAD_BYTES=12495204839
DOWNLOAD_BYTES=12610560751
DOWNLOAD_BYTES=12750209959
DOWNLOAD_BYTES=12885980491
DOWNLOAD_BYTES=13026690107
DOWNLOAD_BYTES=13163775271
DOWNLOAD_BYTES=13299467495
DOWNLOAD_BYTES=13438035031
DOWNLOAD_BYTES=13578265259
DOWNLOAD_BYTES=13722877611
DOWNLOAD_BYTES=13861518867
DOWNLOAD_BYTES=14004306855
DOWNLOAD_BYTES=14145604319
DOWNLOAD_BYTES=14281162415
DOWNLOAD_BYTES=14411856315
DOWNLOAD_BYTES=14549398111
DOWNLOAD_BYTES=14685959971
DOWNLOAD_BYTES=14816480515
DOWNLOAD_BYTES=14953661199
DOWNLOAD_BYTES=15087929479
DOWNLOAD_BYTES=15225714135
DOWNLOAD_BYTES=15365816475
DOWNLOAD_BYTES=15491425907
DOWNLOAD_BYTES=15626906563
DOWNLOAD_BYTES=15761753003
DOWNLOAD_BYTES=15884649231
DOWNLOAD_BYTES=16003959247
DOWNLOAD_BYTES=16123412027
DOWNLOAD_BYTES=16145359631
DOWNLOAD_BYTES=16253862671
DOWNLOAD_BYTES=16382549903
DOWNLOAD_BYTES=16508198131
DOWNLOAD_BYTES=16636953327
DOWNLOAD_BYTES=16766846499
DOWNLOAD_BYTES=16888314983
DOWNLOAD_BYTES=17013921367
DOWNLOAD_BYTES=17133536995
DOWNLOAD_BYTES=17252998775
DOWNLOAD_BYTES=17380149259
DOWNLOAD_BYTES=17506385655
DOWNLOAD_BYTES=17637563147
DOWNLOAD_BYTES=17771677707
DOWNLOAD_BYTES=17901372975
DOWNLOAD_BYTES=18023858975
DOWNLOAD_BYTES=18150621095
DOWNLOAD_BYTES=18251062371
DOWNLOAD_BYTES=18336745591
DOWNLOAD_BYTES=18453857335
DOWNLOAD_BYTES=18552187039
DOWNLOAD_END 2026-07-17T20:21:04+08:00
No errors detected in compressed data of datasets/deepsketch_dataset_full.zip.
DATA_ROOT=datasets/deepsketch_unpacked/full
TRAIN_START 2026-07-17T20:37:25+08:00
step 1 total=2.2631 bce=0.8234 dice=0.9890 cldice=0.8675 udf=0.2468 gate=1.2918 identity=0.4436 steps_per_second=0.6819
step 100 total=1.3389 bce=0.3752 dice=0.9704 cldice=0.3214 udf=0.2107 gate=0.6899 identity=0.2357 steps_per_second=8.0845
step 200 total=1.2334 bce=0.3113 dice=0.9618 cldice=0.3282 udf=0.1867 gate=0.5957 identity=0.1973 steps_per_second=8.5333
step 300 total=1.1390 bce=0.2676 dice=0.9556 cldice=0.3189 udf=0.1553 gate=0.4853 identity=0.1664 steps_per_second=8.7239
step 400 total=1.0558 bce=0.2229 dice=0.9471 cldice=0.3092 udf=0.1357 gate=0.4225 identity=0.1334 steps_per_second=9.0219
step 500 total=0.9924 bce=0.1868 dice=0.9375 cldice=0.3138 udf=0.1182 gate=0.3668 identity=0.1114 steps_per_second=9.1843
step 600 total=0.9473 bce=0.1691 dice=0.9240 cldice=0.3133 udf=0.1088 gate=0.3198 identity=0.0910 steps_per_second=9.2505
step 700 total=0.8964 bce=0.1389 dice=0.9177 cldice=0.3144 udf=0.0905 gate=0.2812 identity=0.0762 steps_per_second=9.1671
step 800 total=0.8371 bce=0.1178 dice=0.9056 cldice=0.2721 udf=0.0882 gate=0.2498 identity=0.0622 steps_per_second=9.1498
step 900 total=0.8234 bce=0.1034 dice=0.9026 cldice=0.3010 udf=0.0798 gate=0.2260 identity=0.0524 steps_per_second=9.1406
step 1000 total=0.8306 bce=0.1058 dice=0.8986 cldice=0.3487 udf=0.0735 gate=0.1828 identity=0.0445 steps_per_second=9.0867
step 1100 total=0.7986 bce=0.1040 dice=0.8800 cldice=0.3059 udf=0.0811 gate=0.1821 identity=0.0373 steps_per_second=9.0849
step 1200 total=0.7377 bce=0.0881 dice=0.8676 cldice=0.2275 udf=0.0734 gate=0.1826 identity=0.0323 steps_per_second=9.0464
step 1300 total=0.7150 bce=0.0785 dice=0.8627 cldice=0.2281 udf=0.0698 gate=0.1485 identity=0.0277 steps_per_second=9.0067
step 1400 total=0.7146 bce=0.0679 dice=0.8643 cldice=0.2663 udf=0.0600 gate=0.1294 identity=0.0240 steps_per_second=9.0233
step 1500 total=0.6596 bce=0.0540 dice=0.8688 cldice=0.1802 udf=0.0524 gate=0.1207 identity=0.0200 steps_per_second=8.9853
step 1600 total=0.6928 bce=0.0696 dice=0.8560 cldice=0.2342 udf=0.0628 gate=0.1163 identity=0.0179 steps_per_second=9.0235
step 1700 total=0.6697 bce=0.0597 dice=0.8496 cldice=0.2172 udf=0.0605 gate=0.1128 identity=0.0155 steps_per_second=9.0727
step 1800 total=0.6757 bce=0.0648 dice=0.8473 cldice=0.2192 udf=0.0576 gate=0.1215 identity=0.0147 steps_per_second=9.0642
step 1900 total=0.6595 bce=0.0554 dice=0.8477 cldice=0.2204 udf=0.0507 gate=0.0997 identity=0.0121 steps_per_second=9.1074
step 2000 total=0.6636 bce=0.0589 dice=0.8457 cldice=0.2335 udf=0.0500 gate=0.0840 identity=0.0115 steps_per_second=9.1357
step 2100 total=0.6546 bce=0.0500 dice=0.8418 cldice=0.2342 udf=0.0458 gate=0.0966 identity=0.0098 steps_per_second=9.1639
step 2200 total=0.6611 bce=0.0594 dice=0.8450 cldice=0.2331 udf=0.0525 gate=0.0758 identity=0.0085 steps_per_second=9.1839
step 2300 total=0.6254 bce=0.0498 dice=0.8377 cldice=0.1920 udf=0.0434 gate=0.0702 identity=0.0074 steps_per_second=9.1945
step 2400 total=0.6142 bce=0.0454 dice=0.8434 cldice=0.1682 udf=0.0381 gate=0.0783 identity=0.0070 steps_per_second=9.1776
step 2500 total=0.6408 bce=0.0549 dice=0.8426 cldice=0.2201 udf=0.0408 gate=0.0535 identity=0.0064 steps_per_second=9.1918
step 2600 total=0.6254 bce=0.0502 dice=0.8397 cldice=0.2018 udf=0.0421 gate=0.0498 identity=0.0057 steps_per_second=9.1869
step 2700 total=0.5998 bce=0.0469 dice=0.8288 cldice=0.1620 udf=0.0376 gate=0.0605 identity=0.0048 steps_per_second=9.2043
step 2800 total=0.6246 bce=0.0533 dice=0.8325 cldice=0.2033 udf=0.0426 gate=0.0481 identity=0.0045 steps_per_second=9.2236
step 2900 total=0.6313 bce=0.0546 dice=0.8352 cldice=0.2088 udf=0.0425 gate=0.0548 identity=0.0039 steps_per_second=9.2171
step 3000 total=0.5971 bce=0.0457 dice=0.8368 cldice=0.1595 udf=0.0350 gate=0.0454 identity=0.0036 steps_per_second=9.1871
step 3100 total=0.6281 bce=0.0484 dice=0.8384 cldice=0.2239 udf=0.0376 gate=0.0374 identity=0.0030 steps_per_second=9.1920
step 3200 total=0.6295 bce=0.0545 dice=0.8298 cldice=0.2238 udf=0.0409 gate=0.0357 identity=0.0029 steps_per_second=9.2130
step 3300 total=0.5732 bce=0.0380 dice=0.8307 cldice=0.1354 udf=0.0296 gate=0.0427 identity=0.0024 steps_per_second=9.2184
step 3400 total=0.5702 bce=0.0406 dice=0.8260 cldice=0.1334 udf=0.0289 gate=0.0355 identity=0.0020 steps_per_second=9.2401
step 3500 total=0.5954 bce=0.0496 dice=0.8291 cldice=0.1569 udf=0.0385 gate=0.0436 identity=0.0019 steps_per_second=9.2363
step 3600 total=0.6007 bce=0.0409 dice=0.8381 cldice=0.1826 udf=0.0307 gate=0.0406 identity=0.0012 steps_per_second=9.2366
step 3700 total=0.5606 bce=0.0389 dice=0.8251 cldice=0.1175 udf=0.0305 gate=0.0345 identity=0.0011 steps_per_second=9.2293
step 3800 total=0.5851 bce=0.0425 dice=0.8074 cldice=0.1702 udf=0.0322 gate=0.0609 identity=0.0009 steps_per_second=9.2410
step 3900 total=0.5540 bce=0.0425 dice=0.7473 cldice=0.1821 udf=0.0390 gate=0.0421 identity=0.0006 steps_per_second=9.2601
step 4000 total=0.4449 bce=0.0483 dice=0.5148 cldice=0.1946 udf=0.0467 gate=0.0655 identity=0.0005 steps_per_second=9.2503
step 4100 total=0.2949 bce=0.0421 dice=0.2912 cldice=0.1526 udf=0.0440 gate=0.0601 identity=0.0005 steps_per_second=9.2616
step 4200 total=0.2664 bce=0.0406 dice=0.2381 cldice=0.1716 udf=0.0404 gate=0.0378 identity=0.0003 steps_per_second=9.2730
step 4300 total=0.2330 bce=0.0377 dice=0.2042 cldice=0.1468 udf=0.0349 gate=0.0396 identity=0.0003 steps_per_second=9.2840
step 4400 total=0.2405 bce=0.0354 dice=0.1987 cldice=0.1715 udf=0.0342 gate=0.0465 identity=0.0003 steps_per_second=9.2840
step 4500 total=0.2362 bce=0.0405 dice=0.1893 cldice=0.1654 udf=0.0349 gate=0.0401 identity=0.0002 steps_per_second=9.2976
step 4600 total=0.2364 bce=0.0381 dice=0.1851 cldice=0.1743 udf=0.0334 gate=0.0453 identity=0.0003 steps_per_second=9.3078
step 4700 total=0.2245 bce=0.0451 dice=0.1817 cldice=0.1463 udf=0.0338 gate=0.0274 identity=0.0002 steps_per_second=9.3079
step 4800 total=0.2570 bce=0.0474 dice=0.1869 cldice=0.1971 udf=0.0363 gate=0.0438 identity=0.0001 steps_per_second=9.3104
step 4900 total=0.2925 bce=0.0419 dice=0.1857 cldice=0.2969 udf=0.0355 gate=0.0308 identity=0.0001 steps_per_second=9.3113
step 5000 total=0.2149 bce=0.0410 dice=0.1728 cldice=0.1486 udf=0.0328 gate=0.0216 identity=0.0001 steps_per_second=9.3080
TRAIN_END 2026-07-17T20:46:28+08:00
